INFO:sqlalchemy.engine.Engine:BEGIN (implicit)
INFO:sqlalchemy.engine.Engine:PRAGMA main.table_info("groups")
INFO:sqlalchemy.engine.Engine:[raw sql] ()
INFO:sqlalchemy.engine.Engine:PRAGMA main.table_info("categories")
INFO:sqlalchemy.engine.Engine:[raw sql] ()
INFO:sqlalchemy.engine.Engine:PRAGMA main.table_info("skills")
INFO:sqlalchemy.engine.Engine:[raw sql] ()
INFO:sqlalchemy.engine.Engine:PRAGMA main.table_info("members")
INFO:sqlalchemy.engine.Engine:[raw sql] ()
INFO:sqlalchemy.engine.Engine:PRAGMA main.table_info("targets")
INFO:sqlalchemy.engine.Engine:[raw sql] ()
INFO:sqlalchemy.engine.Engine:COMMIT
INFO:sqlalchemy.engine.Engine:BEGIN (implicit)
INFO:sqlalchemy.engine.Engine:SELECT name FROM sqlite_master WHERE type='table' AND name NOT LIKE 'sqlite~_%' ESCAPE '~' ORDER BY name
INFO:sqlalchemy.engine.Engine:[raw sql] ()
INFO:sqlalchemy.engine.Engine:ROLLBACK
INFO:sqlalchemy.engine.Engine:BEGIN (implicit)
INFO:sqlalchemy.engine.Engine:SELECT groups.id AS groups_id, groups.name AS groups_name, groups.description AS groups_description, groups.created_at AS groups_created_at, groups.updated_at AS groups_updated_at 
FROM groups 
WHERE groups.name = ?
 LIMIT ? OFFSET ?
INFO:sqlalchemy.engine.Engine:[generated in 0.00009s] ('プログラミング', 1, 0)
INFO:sqlalchemy.engine.Engine:ROLLBACK
INFO:sqlalchemy.engine.Engine:BEGIN (implicit)
INFO:sqlalchemy.engine.Engine:SELECT groups.id AS groups_id, groups.name AS groups_name, groups.description AS groups_description, groups.created_at AS groups_created_at, groups.updated_at AS groups_updated_at 
FROM groups
INFO:sqlalchemy.engine.Engine:[generated in 0.00009s] ()
INFO:sqlalchemy.engine.Engine:SELECT groups.id AS groups_id, groups.name AS groups_name, groups.description AS groups_description, groups.created_at AS groups_created_at, groups.updated_at AS groups_updated_at 
FROM groups 
WHERE groups.name = ?
 LIMIT ? OFFSET ?
INFO:sqlalchemy.engine.Engine:[cached since 0.1732s ago] ('プログラミング', 1, 0)
INFO:sqlalchemy.engine.Engine:SELECT members.id AS members_id, members.name AS members_name, members.group_id AS members_group_id 
FROM members 
WHERE members.group_id = ?
INFO:sqlalchemy.engine.Engine:[generated in 0.00008s] (1,)
INFO:sqlalchemy.engine.Engine:BEGIN (implicit)
INFO:sqlalchemy.engine.Engine:SELECT groups.id AS groups_id, groups.name AS groups_name, groups.description AS groups_description, groups.created_at AS groups_created_at, groups.updated_at AS groups_updated_at 
FROM groups
INFO:sqlalchemy.engine.Engine:[cached since 0.0948s ago] ()
INFO:sqlalchemy.engine.Engine:SELECT groups.id AS groups_id, groups.name AS groups_name, groups.description AS groups_description, groups.created_at AS groups_created_at, groups.updated_at AS groups_updated_at 
FROM groups 
WHERE groups.name = ?
 LIMIT ? OFFSET ?
INFO:sqlalchemy.engine.Engine:[cached since 0.2678s ago] ('プログラミング', 1, 0)
INFO:sqlalchemy.engine.Engine:SELECT categories.id AS categories_id, categories.name AS categories_name, categories.group_id AS categories_group_id, categories.created_at AS categories_created_at, categories.updated_at AS categories_updated_at 
FROM categories 
WHERE categories.group_id = ?
INFO:sqlalchemy.engine.Engine:[generated in 0.00006s] (1,)
INFO:sqlalchemy.engine.Engine:SELECT categories.id AS categories_id, categories.name AS categories_name, categories.group_id AS categories_group_id, categories.created_at AS categories_created_at, categories.updated_at AS categories_updated_at 
FROM categories 
WHERE categories.name = ?
 LIMIT ? OFFSET ?
INFO:sqlalchemy.engine.Engine:[generated in 0.00007s] ('プログラミング言語', 1, 0)
INFO:sqlalchemy.engine.Engine:SELECT skills.id AS skills_id, skills.name AS skills_name, skills.description AS skills_description, skills.level AS skills_level, skills.category_id AS skills_category_id, skills.created_at AS skills_created_at, skills.updated_at AS skills_updated_at 
FROM skills 
WHERE skills.category_id = ?
INFO:sqlalchemy.engine.Engine:[generated in 0.00006s] (1,)
objc[94706]: Class QMacAutoReleasePoolTracker is implemented in both /Users/sanadatakeshi/.pyenv/versions/3.10.13/lib/python3.10/site-packages/PyQt5/Qt5/lib/QtCore.framework/Versions/5/QtCore (0x104c11200) and /opt/homebrew/Cellar/qt@5/5.15.16/lib/QtCore.framework/Versions/5/QtCore (0x12c8a52f0). One of the two will be used. Which one is undefined.
objc[94706]: Class QT_ROOT_LEVEL_POOL__THESE_OBJECTS_WILL_BE_RELEASED_WHEN_QAPP_GOES_OUT_OF_SCOPE is implemented in both /Users/sanadatakeshi/.pyenv/versions/3.10.13/lib/python3.10/site-packages/PyQt5/Qt5/lib/QtCore.framework/Versions/5/QtCore (0x104c11278) and /opt/homebrew/Cellar/qt@5/5.15.16/lib/QtCore.framework/Versions/5/QtCore (0x12c8a5368). One of the two will be used. Which one is undefined.
objc[94706]: Class KeyValueObserver is implemented in both /Users/sanadatakeshi/.pyenv/versions/3.10.13/lib/python3.10/site-packages/PyQt5/Qt5/lib/QtCore.framework/Versions/5/QtCore (0x104c112a0) and /opt/homebrew/Cellar/qt@5/5.15.16/lib/QtCore.framework/Versions/5/QtCore (0x12c8a5390). One of the two will be used. Which one is undefined.
objc[94706]: Class RunLoopModeTracker is implemented in both /Users/sanadatakeshi/.pyenv/versions/3.10.13/lib/python3.10/site-packages/PyQt5/Qt5/lib/QtCore.framework/Versions/5/QtCore (0x104c112f0) and /opt/homebrew/Cellar/qt@5/5.15.16/lib/QtCore.framework/Versions/5/QtCore (0x12c8a53e0). One of the two will be used. Which one is undefined.
INFO:sqlalchemy.engine.Engine:SELECT groups.id AS groups_id, groups.name AS groups_name, groups.description AS groups_description, groups.created_at AS groups_created_at, groups.updated_at AS groups_updated_at 
FROM groups
INFO:sqlalchemy.engine.Engine:[cached since 0.1665s ago] ()
INFO:sqlalchemy.engine.Engine:SELECT groups.id AS groups_id, groups.name AS groups_name, groups.description AS groups_description, groups.created_at AS groups_created_at, groups.updated_at AS groups_updated_at 
FROM groups 
WHERE groups.name = ?
 LIMIT ? OFFSET ?
INFO:sqlalchemy.engine.Engine:[cached since 0.3394s ago] ('プログラミング', 1, 0)
INFO:sqlalchemy.engine.Engine:SELECT categories.id AS categories_id, categories.name AS categories_name, categories.group_id AS categories_group_id, categories.created_at AS categories_created_at, categories.updated_at AS categories_updated_at 
FROM categories 
WHERE categories.group_id = ?
INFO:sqlalchemy.engine.Engine:[cached since 0.07111s ago] (1,)
INFO:sqlalchemy.engine.Engine:SELECT categories.id AS categories_id, categories.name AS categories_name, categories.group_id AS categories_group_id, categories.created_at AS categories_created_at, categories.updated_at AS categories_updated_at 
FROM categories 
WHERE categories.name = ?
 LIMIT ? OFFSET ?
INFO:sqlalchemy.engine.Engine:[cached since 0.0708s ago] ('プログラミング言語', 1, 0)
INFO:sqlalchemy.engine.Engine:SELECT skills.id AS skills_id, skills.name AS skills_name, skills.description AS skills_description, skills.level AS skills_level, skills.category_id AS skills_category_id, skills.created_at AS skills_created_at, skills.updated_at AS skills_updated_at 
FROM skills 
WHERE skills.category_id = ?
INFO:sqlalchemy.engine.Engine:[cached since 0.07029s ago] (1,)
INFO:sqlalchemy.engine.Engine:SELECT groups.id AS groups_id, groups.name AS groups_name, groups.description AS groups_description, groups.created_at AS groups_created_at, groups.updated_at AS groups_updated_at 
FROM groups 
WHERE groups.name = ?
 LIMIT ? OFFSET ?
INFO:sqlalchemy.engine.Engine:[cached since 0.3404s ago] ('営業', 1, 0)
INFO:sqlalchemy.engine.Engine:SELECT categories.id AS categories_id, categories.name AS categories_name, categories.group_id AS categories_group_id, categories.created_at AS categories_created_at, categories.updated_at AS categories_updated_at 
FROM categories 
WHERE categories.group_id = ?
INFO:sqlalchemy.engine.Engine:[cached since 0.07213s ago] (2,)
INFO:sqlalchemy.engine.Engine:SELECT groups.id AS groups_id, groups.name AS groups_name, groups.description AS groups_description, groups.created_at AS groups_created_at, groups.updated_at AS groups_updated_at 
FROM groups 
WHERE groups.name = ?
 LIMIT ? OFFSET ?
INFO:sqlalchemy.engine.Engine:[cached since 0.3409s ago] ('プログラミング', 1, 0)
INFO:sqlalchemy.engine.Engine:SELECT members.id AS members_id, members.name AS members_name, members.group_id AS members_group_id 
FROM members 
WHERE members.group_id = ?
INFO:sqlalchemy.engine.Engine:[cached since 0.1673s ago] (1,)
INFO:sqlalchemy.engine.Engine:SELECT groups.id AS groups_id, groups.name AS groups_name, groups.description AS groups_description, groups.created_at AS groups_created_at, groups.updated_at AS groups_updated_at 
FROM groups 
WHERE groups.name = ?
 LIMIT ? OFFSET ?
INFO:sqlalchemy.engine.Engine:[cached since 0.3413s ago] ('営業', 1, 0)
INFO:sqlalchemy.engine.Engine:SELECT members.id AS members_id, members.name AS members_name, members.group_id AS members_group_id 
FROM members 
WHERE members.group_id = ?
INFO:sqlalchemy.engine.Engine:[cached since 0.1677s ago] (2,)
DEBUG:matplotlib:matplotlib data path: /Users/sanadatakeshi/.pyenv/versions/3.10.13/lib/python3.10/site-packages/matplotlib/mpl-data
DEBUG:matplotlib:CONFIGDIR=/Users/sanadatakeshi/.matplotlib
DEBUG:matplotlib:interactive is False
DEBUG:matplotlib:platform is darwin
DEBUG:matplotlib:CACHEDIR=/Users/sanadatakeshi/.matplotlib
DEBUG:matplotlib.font_manager:Using fontManager instance from /Users/sanadatakeshi/.matplotlib/fontlist-v390.json
2025-03-15 09:53:33.910 python[94706:20250730] +[IMKClient subclass]: chose IMKClient_Modern
2025-03-15 09:53:33.910 python[94706:20250730] +[IMKInputSession subclass]: chose IMKInputSession_Modern
